# JRE version: OpenJDK Runtime Environment Temurin-17.0.14+7 (17.0.14+7) (build 17.0.14+7)
# Java VM: OpenJDK 64-Bit Server VM Temurin-17.0.14+7 (17.0.14+7, mixed mode, sharing, tiered, compressed oops, compressed class ptrs, g1 gc, windows-amd64)
GC Precious Log:
 CPUs: 4 total, 4 available
 Memory: 7122M
 Large Page Support: Disabled
 NUMA Support: Disabled
 Compressed Oops: Enabled (32-bit)
 Heap Region Size: 1M
 Heap Min Capacity: 8M
 Heap Initial Capacity: 112M
 Heap Max Capacity: 2G
 Pre-touch: Disabled
 Parallel Workers: 4
 Concurrent Workers: 1
 Concurrent Refinement Workers: 4
 Periodic GC: Disabled
Heap:
 garbage-first heap   total 521216K, used 369664K [0x0000000080000000, 0x0000000100000000)
  region size 1024K, 9 young (9216K), 9 survivors (9216K)
 Metaspace       used 197506K, committed 198592K, reserved 1245184K
  class space    used 25239K, committed 25792K, reserved 1048576K
GC Heap History (20 events):
Event: 117.457 GC heap after
{Heap after GC invocations=144 (full 0):
 garbage-first heap   total 446464K, used 303516K [0x0000000080000000, 0x0000000100000000)
  region size 1024K, 12 young (12288K), 12 survivors (12288K)
 Metaspace       used 197212K, committed 198272K, reserved 1245184K
  class space    used 25220K, committed 25728K, reserved 1048576K
}
Event: 117.789 GC heap before
{Heap before GC invocations=144 (full 0):
 garbage-first heap   total 446464K, used 387484K [0x0000000080000000, 0x0000000100000000)
  region size 1024K, 95 young (97280K), 12 survivors (12288K)
 Metaspace       used 197217K, committed 198272K, reserved 1245184K
  class space    used 25220K, committed 25728K, reserved 1048576K
}
Event: 117.811 GC heap after
{Heap after GC invocations=145 (full 0):
 garbage-first heap   total 446464K, used 312018K [0x0000000080000000, 0x0000000100000000)
  region size 1024K, 9 young (9216K), 9 survivors (9216K)
 Metaspace       used 197217K, committed 198272K, reserved 1245184K
  class space    used 25220K, committed 25728K, reserved 1048576K
}
Event: 118.131 GC heap before
{Heap before GC invocations=145 (full 0):
 garbage-first heap   total 446464K, used 385746K [0x0000000080000000, 0x0000000100000000)
  region size 1024K, 82 young (83968K), 9 survivors (9216K)
 Metaspace       used 197231K, committed 198272K, reserved 1245184K
  class space    used 25220K, committed 25728K, reserved 1048576K
}
Event: 118.144 GC heap after
{Heap after GC invocations=146 (full 0):
 garbage-first heap   total 446464K, used 317373K [0x0000000080000000, 0x0000000100000000)
  region size 1024K, 6 young (6144K), 6 survivors (6144K)
 Metaspace       used 197231K, committed 198272K, reserved 1245184K
  class space    used 25220K, committed 25728K, reserved 1048576K
}
Event: 118.538 GC heap before
{Heap before GC invocations=146 (full 0):
 garbage-first heap   total 446464K, used 385981K [0x0000000080000000, 0x0000000100000000)
  region size 1024K, 74 young (75776K), 6 survivors (6144K)
 Metaspace       used 197363K, committed 198464K, reserved 1245184K
  class space    used 25233K, committed 25792K, reserved 1048576K
}
Event: 118.555 GC heap after
{Heap after GC invocations=147 (full 0):
 garbage-first heap   total 446464K, used 324924K [0x0000000080000000, 0x0000000100000000)
  region size 1024K, 8 young (8192K), 8 survivors (8192K)
 Metaspace       used 197363K, committed 198464K, reserved 1245184K
  class space    used 25233K, committed 25792K, reserved 1048576K
}
Event: 118.855 GC heap before
{Heap before GC invocations=147 (full 0):
 garbage-first heap   total 446464K, used 386364K [0x0000000080000000, 0x0000000100000000)
  region size 1024K, 68 young (69632K), 8 survivors (8192K)
 Metaspace       used 197450K, committed 198528K, reserved 1245184K
  class space    used 25238K, committed 25792K, reserved 1048576K
}
Event: 118.874 GC heap after
{Heap after GC invocations=148 (full 0):
 garbage-first heap   total 446464K, used 329530K [0x0000000080000000, 0x0000000100000000)
  region size 1024K, 6 young (6144K), 6 survivors (6144K)
 Metaspace       used 197450K, committed 198528K, reserved 1245184K
  class space    used 25238K, committed 25792K, reserved 1048576K
}
Event: 119.139 GC heap before
{Heap before GC invocations=148 (full 0):
 garbage-first heap   total 446464K, used 385850K [0x0000000080000000, 0x0000000100000000)
  region size 1024K, 62 young (63488K), 6 survivors (6144K)
 Metaspace       used 197453K, committed 198528K, reserved 1245184K
  class space    used 25238K, committed 25792K, reserved 1048576K
}
Event: 119.159 GC heap after
{Heap after GC invocations=149 (full 0):
 garbage-first heap   total 521216K, used 334390K [0x0000000080000000, 0x0000000100000000)
  region size 1024K, 6 young (6144K), 6 survivors (6144K)
 Metaspace       used 197453K, committed 198528K, reserved 1245184K
  class space    used 25238K, committed 25792K, reserved 1048576K
}
Event: 120.003 GC heap before
{Heap before GC invocations=149 (full 0):
 garbage-first heap   total 521216K, used 446006K [0x0000000080000000, 0x0000000100000000)
  region size 1024K, 115 young (117760K), 6 survivors (6144K)
 Metaspace       used 197464K, committed 198528K, reserved 1245184K
  class space    used 25238K, committed 25792K, reserved 1048576K
}
Event: 120.034 GC heap after
{Heap after GC invocations=150 (full 0):
 garbage-first heap   total 521216K, used 345575K [0x0000000080000000, 0x0000000100000000)
  region size 1024K, 15 young (15360K), 15 survivors (15360K)
 Metaspace       used 197464K, committed 198528K, reserved 1245184K
  class space    used 25238K, committed 25792K, reserved 1048576K
}
Event: 120.454 GC heap before
{Heap before GC invocations=150 (full 0):
 garbage-first heap   total 521216K, used 443879K [0x0000000080000000, 0x0000000100000000)
  region size 1024K, 111 young (113664K), 15 survivors (15360K)
 Metaspace       used 197473K, committed 198528K, reserved 1245184K
  class space    used 25238K, committed 25792K, reserved 1048576K
}
Event: 120.488 GC heap after
{Heap after GC invocations=151 (full 0):
 garbage-first heap   total 521216K, used 353589K [0x0000000080000000, 0x0000000100000000)
  region size 1024K, 8 young (8192K), 8 survivors (8192K)
 Metaspace       used 197473K, committed 198528K, reserved 1245184K
  class space    used 25238K, committed 25792K, reserved 1048576K
}
Event: 120.847 GC heap before
{Heap before GC invocations=151 (full 0):
 garbage-first heap   total 521216K, used 446773K [0x0000000080000000, 0x0000000100000000)
  region size 1024K, 99 young (101376K), 8 survivors (8192K)
 Metaspace       used 197480K, committed 198528K, reserved 1245184K
  class space    used 25238K, committed 25792K, reserved 1048576K
}
Event: 120.870 GC heap after
{Heap after GC invocations=152 (full 0):
 garbage-first heap   total 521216K, used 361472K [0x0000000080000000, 0x0000000100000000)
  region size 1024K, 8 young (8192K), 8 survivors (8192K)
 Metaspace       used 197480K, committed 198528K, reserved 1245184K
  class space    used 25238K, committed 25792K, reserved 1048576K
}
Event: 121.240 GC heap before
{Heap before GC invocations=152 (full 0):
 garbage-first heap   total 521216K, used 448512K [0x0000000080000000, 0x0000000100000000)
  region size 1024K, 93 young (95232K), 8 survivors (8192K)
 Metaspace       used 197484K, committed 198528K, reserved 1245184K
  class space    used 25238K, committed 25792K, reserved 1048576K
}
Event: 121.259 GC heap after
{Heap after GC invocations=153 (full 0):
 garbage-first heap   total 521216K, used 365568K [0x0000000080000000, 0x0000000100000000)
  region size 1024K, 5 young (5120K), 5 survivors (5120K)
 Metaspace       used 197484K, committed 198528K, reserved 1245184K
  class space    used 25238K, committed 25792K, reserved 1048576K
}
Event: 121.697 GC heap before
{Heap before GC invocations=153 (full 0):
 garbage-first heap   total 521216K, used 450560K [0x0000000080000000, 0x0000000100000000)
  region size 1024K, 88 young (90112K), 5 survivors (5120K)
 Metaspace       used 197506K, committed 198592K, reserved 1245184K
  class space    used 25239K, committed 25792K, reserved 1048576K
}

