# JRE version: OpenJDK Runtime Environment Temurin-17.0.14+7 (17.0.14+7) (build 17.0.14+7)
# Java VM: OpenJDK 64-Bit Server VM Temurin-17.0.14+7 (17.0.14+7, mixed mode, sharing, tiered, compressed oops, compressed class ptrs, g1 gc, windows-amd64)
GC Precious Log:
 CPUs: 4 total, 4 available
 Memory: 7122M
 Large Page Support: Disabled
 NUMA Support: Disabled
 Compressed Oops: Enabled (32-bit)
 Heap Region Size: 1M
 Heap Min Capacity: 8M
 Heap Initial Capacity: 112M
 Heap Max Capacity: 2G
 Pre-touch: Disabled
 Parallel Workers: 4
 Concurrent Workers: 1
 Concurrent Refinement Workers: 4
 Periodic GC: Disabled
Heap:
 garbage-first heap   total 354304K, used 282197K [0x0000000080000000, 0x0000000100000000)
  region size 1024K, 4 young (4096K), 4 survivors (4096K)
 Metaspace       used 104602K, committed 105472K, reserved 1179648K
  class space    used 14267K, committed 14720K, reserved 1048576K
GC Heap History (20 events):
Event: 53.115 GC heap after
{Heap after GC invocations=58 (full 0):
 garbage-first heap   total 258048K, used 192512K [0x0000000080000000, 0x0000000100000000)
  region size 1024K, 4 young (4096K), 4 survivors (4096K)
 Metaspace       used 100136K, committed 100928K, reserved 1179648K
  class space    used 13661K, committed 14080K, reserved 1048576K
}
Event: 53.346 GC heap before
{Heap before GC invocations=58 (full 0):
 garbage-first heap   total 258048K, used 217088K [0x0000000080000000, 0x0000000100000000)
  region size 1024K, 27 young (27648K), 4 survivors (4096K)
 Metaspace       used 100136K, committed 100928K, reserved 1179648K
  class space    used 13661K, committed 14080K, reserved 1048576K
}
Event: 53.354 GC heap after
{Heap after GC invocations=59 (full 0):
 garbage-first heap   total 258048K, used 201036K [0x0000000080000000, 0x0000000100000000)
  region size 1024K, 4 young (4096K), 4 survivors (4096K)
 Metaspace       used 100136K, committed 100928K, reserved 1179648K
  class space    used 13661K, committed 14080K, reserved 1048576K
}
Event: 53.416 GC heap before
{Heap before GC invocations=59 (full 0):
 garbage-first heap   total 258048K, used 217420K [0x0000000080000000, 0x0000000100000000)
  region size 1024K, 21 young (21504K), 4 survivors (4096K)
 Metaspace       used 100136K, committed 100928K, reserved 1179648K
  class space    used 13661K, committed 14080K, reserved 1048576K
}
Event: 53.421 GC heap after
{Heap after GC invocations=60 (full 0):
 garbage-first heap   total 258048K, used 204788K [0x0000000080000000, 0x0000000100000000)
  region size 1024K, 3 young (3072K), 3 survivors (3072K)
 Metaspace       used 100136K, committed 100928K, reserved 1179648K
  class space    used 13661K, committed 14080K, reserved 1048576K
}
Event: 53.491 GC heap before
{Heap before GC invocations=60 (full 0):
 garbage-first heap   total 258048K, used 220148K [0x0000000080000000, 0x0000000100000000)
  region size 1024K, 18 young (18432K), 3 survivors (3072K)
 Metaspace       used 100136K, committed 100928K, reserved 1179648K
  class space    used 13661K, committed 14080K, reserved 1048576K
}
Event: 53.498 GC heap after
{Heap after GC invocations=61 (full 0):
 garbage-first heap   total 354304K, used 208575K [0x0000000080000000, 0x0000000100000000)
  region size 1024K, 3 young (3072K), 3 survivors (3072K)
 Metaspace       used 100136K, committed 100928K, reserved 1179648K
  class space    used 13661K, committed 14080K, reserved 1048576K
}
Event: 57.194 GC heap before
{Heap before GC invocations=61 (full 0):
 garbage-first heap   total 354304K, used 275135K [0x0000000080000000, 0x0000000100000000)
  region size 1024K, 69 young (70656K), 3 survivors (3072K)
 Metaspace       used 100653K, committed 101504K, reserved 1179648K
  class space    used 13715K, committed 14144K, reserved 1048576K
}
Event: 57.210 GC heap after
{Heap after GC invocations=62 (full 0):
 garbage-first heap   total 354304K, used 226955K [0x0000000080000000, 0x0000000100000000)
  region size 1024K, 9 young (9216K), 9 survivors (9216K)
 Metaspace       used 100653K, committed 101504K, reserved 1179648K
  class space    used 13715K, committed 14144K, reserved 1048576K
}
Event: 57.807 GC heap before
{Heap before GC invocations=62 (full 0):
 garbage-first heap   total 354304K, used 281227K [0x0000000080000000, 0x0000000100000000)
  region size 1024K, 63 young (64512K), 9 survivors (9216K)
 Metaspace       used 101066K, committed 101888K, reserved 1179648K
  class space    used 13784K, committed 14208K, reserved 1048576K
}
Event: 57.825 GC heap after
{Heap after GC invocations=63 (full 0):
 garbage-first heap   total 354304K, used 242688K [0x0000000080000000, 0x0000000100000000)
  region size 1024K, 8 young (8192K), 8 survivors (8192K)
 Metaspace       used 101066K, committed 101888K, reserved 1179648K
  class space    used 13784K, committed 14208K, reserved 1048576K
}
Event: 58.874 GC heap before
{Heap before GC invocations=63 (full 0):
 garbage-first heap   total 354304K, used 288768K [0x0000000080000000, 0x0000000100000000)
  region size 1024K, 53 young (54272K), 8 survivors (8192K)
 Metaspace       used 101498K, committed 102400K, reserved 1179648K
  class space    used 13854K, committed 14336K, reserved 1048576K
}
Event: 58.884 GC heap after
{Heap after GC invocations=64 (full 0):
 garbage-first heap   total 354304K, used 256000K [0x0000000080000000, 0x0000000100000000)
  region size 1024K, 7 young (7168K), 7 survivors (7168K)
 Metaspace       used 101498K, committed 102400K, reserved 1179648K
  class space    used 13854K, committed 14336K, reserved 1048576K
}
Event: 60.004 GC heap before
{Heap before GC invocations=64 (full 0):
 garbage-first heap   total 354304K, used 292864K [0x0000000080000000, 0x0000000100000000)
  region size 1024K, 44 young (45056K), 7 survivors (7168K)
 Metaspace       used 103967K, committed 104832K, reserved 1179648K
  class space    used 14188K, committed 14656K, reserved 1048576K
}
Event: 60.016 GC heap after
{Heap after GC invocations=65 (full 0):
 garbage-first heap   total 354304K, used 262144K [0x0000000080000000, 0x0000000100000000)
  region size 1024K, 5 young (5120K), 5 survivors (5120K)
 Metaspace       used 103967K, committed 104832K, reserved 1179648K
  class space    used 14188K, committed 14656K, reserved 1048576K
}
Event: 60.204 GC heap before
{Heap before GC invocations=65 (full 0):
 garbage-first heap   total 354304K, used 296960K [0x0000000080000000, 0x0000000100000000)
  region size 1024K, 39 young (39936K), 5 survivors (5120K)
 Metaspace       used 104027K, committed 104896K, reserved 1179648K
  class space    used 14193K, committed 14656K, reserved 1048576K
}
Event: 60.232 GC heap after
{Heap after GC invocations=66 (full 0):
 garbage-first heap   total 354304K, used 269119K [0x0000000080000000, 0x0000000100000000)
  region size 1024K, 5 young (5120K), 5 survivors (5120K)
 Metaspace       used 104027K, committed 104896K, reserved 1179648K
  class space    used 14193K, committed 14656K, reserved 1048576K
}
Event: 60.373 GC heap before
{Heap before GC invocations=66 (full 0):
 garbage-first heap   total 354304K, used 298815K [0x0000000080000000, 0x0000000100000000)
  region size 1024K, 35 young (35840K), 5 survivors (5120K)
 Metaspace       used 104357K, committed 105216K, reserved 1179648K
  class space    used 14230K, committed 14656K, reserved 1048576K
}
Event: 60.405 GC heap after
{Heap after GC invocations=67 (full 0):
 garbage-first heap   total 354304K, used 275456K [0x0000000080000000, 0x0000000100000000)
  region size 1024K, 5 young (5120K), 5 survivors (5120K)
 Metaspace       used 104357K, committed 105216K, reserved 1179648K
  class space    used 14230K, committed 14656K, reserved 1048576K
}
Event: 60.559 GC heap before
{Heap before GC invocations=67 (full 0):
 garbage-first heap   total 354304K, used 302080K [0x0000000080000000, 0x0000000100000000)
  region size 1024K, 32 young (32768K), 5 survivors (5120K)
 Metaspace       used 104602K, committed 105472K, reserved 1179648K
  class space    used 14267K, committed 14720K, reserved 1048576K
}

